2025-10-14 16:58:35,359 DEBUG    root            Loaded Command Group: ['gcloud', 'auth']
2025-10-14 16:58:35,373 DEBUG    root            Loaded Command Group: ['gcloud', 'auth', 'login']
2025-10-14 16:58:35,374 DEBUG    root            Running [gcloud.auth.login] with arguments: []
2025-10-14 16:58:35,442 DEBUG    requests_oauthlib.oauth2_session Generated new state q5FiX6foYXHHYbLJQn2l7L0nrXg7nK.
2025-10-14 16:58:35,532 INFO     ___FILE_ONLY___ Your browser has been opened to visit:

    https://accounts.google.com/o/oauth2/auth?response_type=code&client_id=32555940559.apps.googleusercontent.com&redirect_uri=http%3A%2F%2Flocalhost%3A8085%2F&scope=openid+https%3A%2F%2Fwww.googleapis.com%2Fauth%2Fuserinfo.email+https%3A%2F%2Fwww.googleapis.com%2Fauth%2Fcloud-platform+https%3A%2F%2Fwww.googleapis.com%2Fauth%2Fappengine.admin+https%3A%2F%2Fwww.googleapis.com%2Fauth%2Fsqlservice.login+https%3A%2F%2Fwww.googleapis.com%2Fauth%2Fcompute+https%3A%2F%2Fwww.googleapis.com%2Fauth%2Faccounts.reauth&state=q5FiX6foYXHHYbLJQn2l7L0nrXg7nK&access_type=offline&code_challenge=z9ZiAI2JliBL1dWM9cWEnB2mWBsEo0O6VTq0_SGG0UA&code_challenge_method=S256


2025-10-14 16:58:40,964 INFO     google_auth_oauthlib.flow "GET /?state=q5FiX6foYXHHYbLJQn2l7L0nrXg7nK&code=4/0AVGzR1DRsQXM9CTzqabDip-cUw6ukZ-1fwh_xTuT6dOLIbPxSzVPkyQkz8R9qto0-oQhZQ&scope=email%20openid%20https://www.googleapis.com/auth/userinfo.email%20https://www.googleapis.com/auth/cloud-platform%20https://www.googleapis.com/auth/appengine.admin%20https://www.googleapis.com/auth/sqlservice.login%20https://www.googleapis.com/auth/compute%20https://www.googleapis.com/auth/accounts.reauth&authuser=0&prompt=consent HTTP/1.1" 200 959
2025-10-14 16:58:40,966 DEBUG    requests_oauthlib.oauth2_session Requesting url https://oauth2.googleapis.com/token using method POST.
2025-10-14 16:58:40,966 DEBUG    requests_oauthlib.oauth2_session Supplying headers {b'Accept': b'application/json', b'Content-Type': b'application/x-www-form-urlencoded;charset=UTF-8', b'user-agent': b'google-cloud-sdk gcloud/496.0.0 command/gcloud.auth.login invocation-id/5819b8428ac9438fa3c8c251b506b921 environment/None environment-version/None client-os/MACOSX client-os-ver/24.6.0 client-pltf-arch/arm interactive/True from-script/False python/3.9.6 term/xterm-256color (Macintosh; Intel Mac OS X 24.6.0)'} and data {'grant_type': 'authorization_code', 'client_id': '32555940559.apps.googleusercontent.com', 'client_secret': 'ZmssLNjJy2998hD4CTg2ejr2', 'code': '4/0AVGzR1DRsQXM9CTzqabDip-cUw6ukZ-1fwh_xTuT6dOLIbPxSzVPkyQkz8R9qto0-oQhZQ', 'redirect_uri': 'http://localhost:8085/', 'code_verifier': 'yUT.iGkovf0xN6X.Qiifuc2y_OEP4aXyY3w1tCgQ88b1iQY~oKcImBT0Uf53x5HxqIICQW7y8Qi3XoBzsktykN_3YntPYugmlqOPyuLuKRUNWS5aOP0.iAPec.wygBTK'}
2025-10-14 16:58:40,966 DEBUG    requests_oauthlib.oauth2_session Passing through key word arguments {'json': None, 'timeout': None, 'auth': None, 'verify': None, 'proxies': None}.
2025-10-14 16:58:40,983 DEBUG    urllib3.connectionpool Starting new HTTPS connection (1): oauth2.googleapis.com:443
2025-10-14 16:58:41,325 DEBUG    urllib3.connectionpool https://oauth2.googleapis.com:443 "POST /token HTTP/1.1" 200 None
2025-10-14 16:58:41,326 DEBUG    requests_oauthlib.oauth2_session Prepared fetch token request body grant_type=authorization_code&client_id=32555940559.apps.googleusercontent.com&client_secret=ZmssLNjJy2998hD4CTg2ejr2&code=4%2F0AVGzR1DRsQXM9CTzqabDip-cUw6ukZ-1fwh_xTuT6dOLIbPxSzVPkyQkz8R9qto0-oQhZQ&redirect_uri=http%3A%2F%2Flocalhost%3A8085%2F&code_verifier=yUT.iGkovf0xN6X.Qiifuc2y_OEP4aXyY3w1tCgQ88b1iQY~oKcImBT0Uf53x5HxqIICQW7y8Qi3XoBzsktykN_3YntPYugmlqOPyuLuKRUNWS5aOP0.iAPec.wygBTK
2025-10-14 16:58:41,326 DEBUG    requests_oauthlib.oauth2_session Request to fetch token completed with status 200.
2025-10-14 16:58:41,326 DEBUG    requests_oauthlib.oauth2_session Request headers were {'user-agent': b'google-cloud-sdk gcloud/496.0.0 command/gcloud.auth.login invocation-id/5819b8428ac9438fa3c8c251b506b921 environment/None environment-version/None client-os/MACOSX client-os-ver/24.6.0 client-pltf-arch/arm interactive/True from-script/False python/3.9.6 term/xterm-256color (Macintosh; Intel Mac OS X 24.6.0)', 'Accept-Encoding': 'gzip, deflate', 'Accept': b'application/json', 'Connection': 'keep-alive', 'Content-Type': b'application/x-www-form-urlencoded;charset=UTF-8', 'Content-Length': '387'}
2025-10-14 16:58:41,327 DEBUG    requests_oauthlib.oauth2_session Request body was grant_type=authorization_code&client_id=32555940559.apps.googleusercontent.com&client_secret=ZmssLNjJy2998hD4CTg2ejr2&code=4%2F0AVGzR1DRsQXM9CTzqabDip-cUw6ukZ-1fwh_xTuT6dOLIbPxSzVPkyQkz8R9qto0-oQhZQ&redirect_uri=http%3A%2F%2Flocalhost%3A8085%2F&code_verifier=yUT.iGkovf0xN6X.Qiifuc2y_OEP4aXyY3w1tCgQ88b1iQY~oKcImBT0Uf53x5HxqIICQW7y8Qi3XoBzsktykN_3YntPYugmlqOPyuLuKRUNWS5aOP0.iAPec.wygBTK
2025-10-14 16:58:41,327 DEBUG    requests_oauthlib.oauth2_session Response headers were {'Date': 'Tue, 14 Oct 2025 20:58:41 GMT', 'Pragma': 'no-cache', 'Expires': 'Mon, 01 Jan 1990 00:00:00 GMT', 'Cache-Control': 'no-cache, no-store, max-age=0, must-revalidate', 'Content-Type': 'application/json; charset=utf-8', 'Vary': 'Origin, X-Origin, Referer', 'Content-Encoding': 'gzip', 'Server': 'scaffolding on HTTPServer2', 'X-XSS-Protection': '0', 'X-Frame-Options': 'SAMEORIGIN', 'X-Content-Type-Options': 'nosniff', 'Alt-Svc': 'h3=":443"; ma=2592000,h3-29=":443"; ma=2592000', 'Transfer-Encoding': 'chunked'} and content {
  "access_token": "ya29.a0AQQ_BDSXdVfoH2a3yePYSciJaZYNkhLY8r0YfDz-rwPAALJUe1UWqbEGStFgGao-Q6meFNFExzHIk79U4xxHwt88EX_KiNv0rWb7XMrPIQM_Q3Vm8qfaP3Bfb1fPCS4qVW7o4Ych1Hsqahg1YDYSUkcVSYv1Jo9FeXHVzKf5qbpWpeTVfWAZB3UGwAxyv1asfe7DO7KlzQ0ZaCgYKAQMSARASFQHGX2Mi-UpWPnu2O6IklQk3yTctTw0211",
  "expires_in": 3599,
  "refresh_token": "1//05FnnIWnSDI7kCgYIARAAGAUSNwF-L9Irs0obXZf83gKcTlF7R8jRyB0m6lOMWwKL2wplHv-tclU1mxWtWHRSxtRPO9kZ5boQk9Y",
  "scope": "https://www.googleapis.com/auth/appengine.admin https://www.googleapis.com/auth/sqlservice.login https://www.googleapis.com/auth/accounts.reauth openid https://www.googleapis.com/auth/cloud-platform https://www.googleapis.com/auth/compute https://www.googleapis.com/auth/userinfo.email",
  "token_type": "Bearer",
  "id_token": "eyJhbGciOiJSUzI1NiIsImtpZCI6ImZiOWY5MzcxZDU3NTVmM2UzODNhNDBhYjNhMTcyY2Q4YmFjYTUxN2YiLCJ0eXAiOiJKV1QifQ.eyJpc3MiOiJodHRwczovL2FjY291bnRzLmdvb2dsZS5jb20iLCJhenAiOiIzMjU1NTk0MDU1OS5hcHBzLmdvb2dsZXVzZXJjb250ZW50LmNvbSIsImF1ZCI6IjMyNTU1OTQwNTU5LmFwcHMuZ29vZ2xldXNlcmNvbnRlbnQuY29tIiwic3ViIjoiMTAyMjcyMzIzMjA2OTM4NDU2NDE5IiwiZW1haWwiOiJkandheDEyQGdtYWlsLmNvbSIsImVtYWlsX3ZlcmlmaWVkIjp0cnVlLCJhdF9oYXNoIjoiLW1QQ1dCczlNOEhlX3Iyc0VLTXhudyIsImlhdCI6MTc2MDQ3NTUyMSwiZXhwIjoxNzYwNDc5MTIxfQ.Q3hYy32tAtHsf-Am4cF7i--RGZ9kotHXtzRKDKhA8fXLarFhaLT5iZ-tB0mkIJOjmirhY9C40Lvc69Zj8fM0RkRDMtHfd0fHEPkcSQBc7cziQPSKkTplRZSrtnLs0vT8JFplKN4XQL7iEwfzJZSvKqGVbPg8NQEAwR-zaiFmv9E297zc2AaB9DY4CHQB7ibnF4O7p4Hs8RzN6RtaTALY1_tpQW0jBUtfz2G6z9_G9c70KgVvO8ZtVFBDaS8qbjvXQ4O6JFLhHTuOnosfUXMhmgcbo1pbVv5yGadMhcRvpTfOY8UCFm5Vh8U3PG-atF2NpdKlVnrHzKVyx_blknbUTA"
}.
2025-10-14 16:58:41,327 DEBUG    requests_oauthlib.oauth2_session Invoking 0 token response hooks.
2025-10-14 16:58:41,327 DEBUG    requests_oauthlib.oauth2_session Obtained token {'access_token': 'ya29.a0AQQ_BDSXdVfoH2a3yePYSciJaZYNkhLY8r0YfDz-rwPAALJUe1UWqbEGStFgGao-Q6meFNFExzHIk79U4xxHwt88EX_KiNv0rWb7XMrPIQM_Q3Vm8qfaP3Bfb1fPCS4qVW7o4Ych1Hsqahg1YDYSUkcVSYv1Jo9FeXHVzKf5qbpWpeTVfWAZB3UGwAxyv1asfe7DO7KlzQ0ZaCgYKAQMSARASFQHGX2Mi-UpWPnu2O6IklQk3yTctTw0211', 'expires_in': 3599, 'refresh_token': '1//05FnnIWnSDI7kCgYIARAAGAUSNwF-L9Irs0obXZf83gKcTlF7R8jRyB0m6lOMWwKL2wplHv-tclU1mxWtWHRSxtRPO9kZ5boQk9Y', 'scope': ['https://www.googleapis.com/auth/appengine.admin', 'https://www.googleapis.com/auth/sqlservice.login', 'https://www.googleapis.com/auth/accounts.reauth', 'openid', 'https://www.googleapis.com/auth/cloud-platform', 'https://www.googleapis.com/auth/compute', 'https://www.googleapis.com/auth/userinfo.email'], 'token_type': 'Bearer', 'id_token': 'eyJhbGciOiJSUzI1NiIsImtpZCI6ImZiOWY5MzcxZDU3NTVmM2UzODNhNDBhYjNhMTcyY2Q4YmFjYTUxN2YiLCJ0eXAiOiJKV1QifQ.eyJpc3MiOiJodHRwczovL2FjY291bnRzLmdvb2dsZS5jb20iLCJhenAiOiIzMjU1NTk0MDU1OS5hcHBzLmdvb2dsZXVzZXJjb250ZW50LmNvbSIsImF1ZCI6IjMyNTU1OTQwNTU5LmFwcHMuZ29vZ2xldXNlcmNvbnRlbnQuY29tIiwic3ViIjoiMTAyMjcyMzIzMjA2OTM4NDU2NDE5IiwiZW1haWwiOiJkandheDEyQGdtYWlsLmNvbSIsImVtYWlsX3ZlcmlmaWVkIjp0cnVlLCJhdF9oYXNoIjoiLW1QQ1dCczlNOEhlX3Iyc0VLTXhudyIsImlhdCI6MTc2MDQ3NTUyMSwiZXhwIjoxNzYwNDc5MTIxfQ.Q3hYy32tAtHsf-Am4cF7i--RGZ9kotHXtzRKDKhA8fXLarFhaLT5iZ-tB0mkIJOjmirhY9C40Lvc69Zj8fM0RkRDMtHfd0fHEPkcSQBc7cziQPSKkTplRZSrtnLs0vT8JFplKN4XQL7iEwfzJZSvKqGVbPg8NQEAwR-zaiFmv9E297zc2AaB9DY4CHQB7ibnF4O7p4Hs8RzN6RtaTALY1_tpQW0jBUtfz2G6z9_G9c70KgVvO8ZtVFBDaS8qbjvXQ4O6JFLhHTuOnosfUXMhmgcbo1pbVv5yGadMhcRvpTfOY8UCFm5Vh8U3PG-atF2NpdKlVnrHzKVyx_blknbUTA', 'expires_at': 1760479120.327353}.
2025-10-14 16:58:41,342 INFO     ___FILE_ONLY___ 
You are now logged in as [djwax12@gmail.com].
Your current project is [famous-gearing-384923].  You can change this setting by running:
  $ gcloud config set project PROJECT_ID

2025-10-14 16:58:41,342 DEBUG    root            Chosen display Format:none
2025-10-14 16:58:41,343 INFO     root            Display format: "none"
2025-10-14 16:58:41,363 DEBUG    root            Checking for updates...
2025-10-14 16:58:41,393 DEBUG    urllib3.connectionpool Starting new HTTPS connection (1): dl.google.com:443
2025-10-14 16:58:41,674 DEBUG    urllib3.connectionpool https://dl.google.com:443 "GET /dl/cloudsdk/channels/rapid/components-2.json HTTP/1.1" 200 233157
2025-10-14 16:58:41,930 DEBUG    root            Updating notification cache...
2025-10-14 16:58:41,931 DEBUG    root            Activating notification: [default]
2025-10-14 16:58:41,931 INFO     ___FILE_ONLY___ 

Updates are available for some Google Cloud CLI components.  To install them,
please run:
  $ gcloud components update


2025-10-14 16:58:41,934 INFO     ___FILE_ONLY___ 

To take a quick anonymous survey, run:
  $ gcloud survey


