2025-10-23 17:31:00,881 DEBUG    root            Loaded Command Group: ['gcloud', 'auth']
2025-10-23 17:31:00,888 DEBUG    root            Loaded Command Group: ['gcloud', 'auth', 'login']
2025-10-23 17:31:00,889 DEBUG    root            Running [gcloud.auth.login] with arguments: []
2025-10-23 17:31:03,019 DEBUG    requests_oauthlib.oauth2_session Generated new state QFNLcZCNkNh6MoPWNoee8iSSUYKj5M.
2025-10-23 17:31:03,128 INFO     ___FILE_ONLY___ Your browser has been opened to visit:

    https://accounts.google.com/o/oauth2/auth?response_type=code&client_id=32555940559.apps.googleusercontent.com&redirect_uri=http%3A%2F%2Flocalhost%3A8085%2F&scope=openid+https%3A%2F%2Fwww.googleapis.com%2Fauth%2Fuserinfo.email+https%3A%2F%2Fwww.googleapis.com%2Fauth%2Fcloud-platform+https%3A%2F%2Fwww.googleapis.com%2Fauth%2Fappengine.admin+https%3A%2F%2Fwww.googleapis.com%2Fauth%2Fsqlservice.login+https%3A%2F%2Fwww.googleapis.com%2Fauth%2Fcompute+https%3A%2F%2Fwww.googleapis.com%2Fauth%2Faccounts.reauth&state=QFNLcZCNkNh6MoPWNoee8iSSUYKj5M&access_type=offline&code_challenge=tvy2De5I6gwyJrOf2HckO_sJdl4dHIiqUhxTRofC90I&code_challenge_method=S256


2025-10-23 17:31:07,040 INFO     google_auth_oauthlib.flow "GET /?state=QFNLcZCNkNh6MoPWNoee8iSSUYKj5M&code=4/0Ab32j91AfXLuZzezedhyDxzN2oC3kVXWyCGADXu-vbJVRWfz2DqH-ZmaIr46ui6MpXQs7Q&scope=email%20openid%20https://www.googleapis.com/auth/userinfo.email%20https://www.googleapis.com/auth/cloud-platform%20https://www.googleapis.com/auth/appengine.admin%20https://www.googleapis.com/auth/sqlservice.login%20https://www.googleapis.com/auth/compute%20https://www.googleapis.com/auth/accounts.reauth&authuser=0&prompt=consent HTTP/1.1" 200 937
2025-10-23 17:31:07,041 DEBUG    requests_oauthlib.oauth2_session Requesting url https://oauth2.googleapis.com/token using method POST.
2025-10-23 17:31:07,041 DEBUG    requests_oauthlib.oauth2_session Supplying headers {b'Accept': b'application/json', b'Content-Type': b'application/x-www-form-urlencoded;charset=UTF-8', b'user-agent': b'google-cloud-sdk gcloud/544.0.0 command/gcloud.auth.login invocation-id/3889a091e2cb4da58a0c0f9c74934ef7 environment/None environment-version/None client-os/MACOSX client-os-ver/24.6.0 client-pltf-arch/arm interactive/True from-script/False python/3.12.11 term/xterm-256color  (Macintosh; Intel Mac OS X 24.6.0)'} and data {'grant_type': 'authorization_code', 'client_id': '32555940559.apps.googleusercontent.com', 'client_secret': 'ZmssLNjJy2998hD4CTg2ejr2', 'code': '4/0Ab32j91AfXLuZzezedhyDxzN2oC3kVXWyCGADXu-vbJVRWfz2DqH-ZmaIr46ui6MpXQs7Q', 'redirect_uri': 'http://localhost:8085/', 'code_verifier': 'q3Y8Qnf56DBN6-3_W-ugIQcNZhAmk1zz6or7hKXk3.u71gy7dzabp4UzaSSsWtD7MIeL3hk00ADT_b8X4srBbCX~yh_f1n258ua2ha3rHTRmWqMfgRuv9EGjwPzHVmuL'}
2025-10-23 17:31:07,041 DEBUG    requests_oauthlib.oauth2_session Passing through key word arguments {'json': None, 'timeout': None, 'auth': None, 'verify': None, 'proxies': None}.
2025-10-23 17:31:07,059 DEBUG    urllib3.connectionpool Starting new HTTPS connection (1): oauth2.googleapis.com:443
2025-10-23 17:31:07,212 DEBUG    urllib3.connectionpool https://oauth2.googleapis.com:443 "POST /token HTTP/1.1" 200 None
2025-10-23 17:31:07,214 DEBUG    requests_oauthlib.oauth2_session Prepared fetch token request body grant_type=authorization_code&client_id=32555940559.apps.googleusercontent.com&client_secret=ZmssLNjJy2998hD4CTg2ejr2&code=4%2F0Ab32j91AfXLuZzezedhyDxzN2oC3kVXWyCGADXu-vbJVRWfz2DqH-ZmaIr46ui6MpXQs7Q&redirect_uri=http%3A%2F%2Flocalhost%3A8085%2F&code_verifier=q3Y8Qnf56DBN6-3_W-ugIQcNZhAmk1zz6or7hKXk3.u71gy7dzabp4UzaSSsWtD7MIeL3hk00ADT_b8X4srBbCX~yh_f1n258ua2ha3rHTRmWqMfgRuv9EGjwPzHVmuL
2025-10-23 17:31:07,214 DEBUG    requests_oauthlib.oauth2_session Request to fetch token completed with status 200.
2025-10-23 17:31:07,214 DEBUG    requests_oauthlib.oauth2_session Request headers were {'user-agent': b'google-cloud-sdk gcloud/544.0.0 command/gcloud.auth.login invocation-id/3889a091e2cb4da58a0c0f9c74934ef7 environment/None environment-version/None client-os/MACOSX client-os-ver/24.6.0 client-pltf-arch/arm interactive/True from-script/False python/3.12.11 term/xterm-256color  (Macintosh; Intel Mac OS X 24.6.0)', 'Accept-Encoding': 'gzip, deflate', 'Accept': b'application/json', 'Connection': 'keep-alive', 'Content-Type': b'application/x-www-form-urlencoded;charset=UTF-8', 'Content-Length': '387'}
2025-10-23 17:31:07,214 DEBUG    requests_oauthlib.oauth2_session Request body was grant_type=authorization_code&client_id=32555940559.apps.googleusercontent.com&client_secret=ZmssLNjJy2998hD4CTg2ejr2&code=4%2F0Ab32j91AfXLuZzezedhyDxzN2oC3kVXWyCGADXu-vbJVRWfz2DqH-ZmaIr46ui6MpXQs7Q&redirect_uri=http%3A%2F%2Flocalhost%3A8085%2F&code_verifier=q3Y8Qnf56DBN6-3_W-ugIQcNZhAmk1zz6or7hKXk3.u71gy7dzabp4UzaSSsWtD7MIeL3hk00ADT_b8X4srBbCX~yh_f1n258ua2ha3rHTRmWqMfgRuv9EGjwPzHVmuL
2025-10-23 17:31:07,214 DEBUG    requests_oauthlib.oauth2_session Response headers were {'Cache-Control': 'no-cache, no-store, max-age=0, must-revalidate', 'Expires': 'Mon, 01 Jan 1990 00:00:00 GMT', 'Date': 'Thu, 23 Oct 2025 21:31:07 GMT', 'Pragma': 'no-cache', 'Content-Type': 'application/json; charset=utf-8', 'Vary': 'Origin, X-Origin, Referer', 'Content-Encoding': 'gzip', 'Server': 'scaffolding on HTTPServer2', 'X-XSS-Protection': '0', 'X-Frame-Options': 'SAMEORIGIN', 'X-Content-Type-Options': 'nosniff', 'Alt-Svc': 'h3=":443"; ma=2592000,h3-29=":443"; ma=2592000', 'Transfer-Encoding': 'chunked'} and content {
  "access_token": "ya29.a0ATi6K2uwjTN7O2e2d5yhV8pX9h2O-YY29k6cfsl9OT-B1L168pGaSf1LwPzsoVEKH6R-am2opmZk8-aN28X2ffgBE8bH9LdHm8Qm6LbPYVoVCHVb0FLy3geT5O2hokAhDlPxFdmQX8vAia1Voa0qb0JJeua_tDmAwgngxpB-n9ElliKaSqYObxi2UdUBSBwvM8ssL8OzbfdQaCgYKASsSARASFQHGX2Miepuz3U5jms2JtfeYoCwYTQ0211",
  "expires_in": 3599,
  "refresh_token": "1//05ult63pbUkP0CgYIARAAGAUSNwF-L9IrgsS0La5fTPCpSpqwK2vKveSc1QjW4oXeJIo1M0ZtbD1zNXGG8eXRv_YQG-t7NTSTdMg",
  "scope": "https://www.googleapis.com/auth/appengine.admin https://www.googleapis.com/auth/compute https://www.googleapis.com/auth/sqlservice.login openid https://www.googleapis.com/auth/userinfo.email https://www.googleapis.com/auth/accounts.reauth https://www.googleapis.com/auth/cloud-platform",
  "token_type": "Bearer",
  "id_token": "eyJhbGciOiJSUzI1NiIsImtpZCI6Ijg4NDg5MjEyMmUyOTM5ZmQxZjMxMzc1YjJiMzYzZWM4MTU3MjNiYmIiLCJ0eXAiOiJKV1QifQ.eyJpc3MiOiJodHRwczovL2FjY291bnRzLmdvb2dsZS5jb20iLCJhenAiOiIzMjU1NTk0MDU1OS5hcHBzLmdvb2dsZXVzZXJjb250ZW50LmNvbSIsImF1ZCI6IjMyNTU1OTQwNTU5LmFwcHMuZ29vZ2xldXNlcmNvbnRlbnQuY29tIiwic3ViIjoiMTAyMjcyMzIzMjA2OTM4NDU2NDE5IiwiZW1haWwiOiJkandheDEyQGdtYWlsLmNvbSIsImVtYWlsX3ZlcmlmaWVkIjp0cnVlLCJhdF9oYXNoIjoiZTJJeDhSNFlmZ0hkdmJ6Nk1VZFFHUSIsImlhdCI6MTc2MTI1NTA2NywiZXhwIjoxNzYxMjU4NjY3fQ.tMX70cY1Ho8JEnrl7kFZ2aPGk_YsrFS-07ABFl05MhGSBp0aCc23UEZlTnciwZ2nBArRLpcNB6kW_1TA3lUxSeh8G7YtV4mOCnnHpT5-fZj9W0Q7q1DS1b_I0eBzNl-rnQesva0gDPWMTzQ7QrzRdsfYyT-Y7sI7YypSIHMuOvqzp-SUnfKfTzduYkdvGi63jS2O2s69dm36fjznqTBJAczLA5pGlEKpuFobS2VbWeO1KrLx-lSCd7QowcWGwGfONi2CJn4b599Jh0OzByp_dXSdh_WXpdTFOU5AQFn5t1O5AoBPLw_oNVbGGQavQBqzvY0LXzze4f1IRx1DMVcYAg"
}.
2025-10-23 17:31:07,214 DEBUG    requests_oauthlib.oauth2_session Invoking 0 token response hooks.
2025-10-23 17:31:07,215 DEBUG    requests_oauthlib.oauth2_session Obtained token {'access_token': 'ya29.a0ATi6K2uwjTN7O2e2d5yhV8pX9h2O-YY29k6cfsl9OT-B1L168pGaSf1LwPzsoVEKH6R-am2opmZk8-aN28X2ffgBE8bH9LdHm8Qm6LbPYVoVCHVb0FLy3geT5O2hokAhDlPxFdmQX8vAia1Voa0qb0JJeua_tDmAwgngxpB-n9ElliKaSqYObxi2UdUBSBwvM8ssL8OzbfdQaCgYKASsSARASFQHGX2Miepuz3U5jms2JtfeYoCwYTQ0211', 'expires_in': 3599, 'refresh_token': '1//05ult63pbUkP0CgYIARAAGAUSNwF-L9IrgsS0La5fTPCpSpqwK2vKveSc1QjW4oXeJIo1M0ZtbD1zNXGG8eXRv_YQG-t7NTSTdMg', 'scope': ['https://www.googleapis.com/auth/appengine.admin', 'https://www.googleapis.com/auth/compute', 'https://www.googleapis.com/auth/sqlservice.login', 'openid', 'https://www.googleapis.com/auth/userinfo.email', 'https://www.googleapis.com/auth/accounts.reauth', 'https://www.googleapis.com/auth/cloud-platform'], 'token_type': 'Bearer', 'id_token': 'eyJhbGciOiJSUzI1NiIsImtpZCI6Ijg4NDg5MjEyMmUyOTM5ZmQxZjMxMzc1YjJiMzYzZWM4MTU3MjNiYmIiLCJ0eXAiOiJKV1QifQ.eyJpc3MiOiJodHRwczovL2FjY291bnRzLmdvb2dsZS5jb20iLCJhenAiOiIzMjU1NTk0MDU1OS5hcHBzLmdvb2dsZXVzZXJjb250ZW50LmNvbSIsImF1ZCI6IjMyNTU1OTQwNTU5LmFwcHMuZ29vZ2xldXNlcmNvbnRlbnQuY29tIiwic3ViIjoiMTAyMjcyMzIzMjA2OTM4NDU2NDE5IiwiZW1haWwiOiJkandheDEyQGdtYWlsLmNvbSIsImVtYWlsX3ZlcmlmaWVkIjp0cnVlLCJhdF9oYXNoIjoiZTJJeDhSNFlmZ0hkdmJ6Nk1VZFFHUSIsImlhdCI6MTc2MTI1NTA2NywiZXhwIjoxNzYxMjU4NjY3fQ.tMX70cY1Ho8JEnrl7kFZ2aPGk_YsrFS-07ABFl05MhGSBp0aCc23UEZlTnciwZ2nBArRLpcNB6kW_1TA3lUxSeh8G7YtV4mOCnnHpT5-fZj9W0Q7q1DS1b_I0eBzNl-rnQesva0gDPWMTzQ7QrzRdsfYyT-Y7sI7YypSIHMuOvqzp-SUnfKfTzduYkdvGi63jS2O2s69dm36fjznqTBJAczLA5pGlEKpuFobS2VbWeO1KrLx-lSCd7QowcWGwGfONi2CJn4b599Jh0OzByp_dXSdh_WXpdTFOU5AQFn5t1O5AoBPLw_oNVbGGQavQBqzvY0LXzze4f1IRx1DMVcYAg', 'expires_at': 1761258666.2150662}.
2025-10-23 17:31:07,234 INFO     ___FILE_ONLY___ 
You are now logged in as [djwax12@gmail.com].
Your current project is [tutorial-475120].  You can change this setting by running:
  $ gcloud config set project PROJECT_ID

2025-10-23 17:31:07,234 DEBUG    root            Chosen display Format:none
2025-10-23 17:31:07,235 INFO     root            Display format: "none"
